This file contains any messages produced by compilers while
running configure, to aid debugging if configure makes a mistake.

configure:568: checking for a BSD compatible install
configure:621: checking whether build environment is sane
configure:678: checking whether make sets ${MAKE}
configure:724: checking for working aclocal
configure:737: checking for working autoconf
configure:750: checking for working automake
configure:763: checking for working autoheader
configure:776: checking for working makeinfo
configure:814: checking for gcc
configure:927: checking whether the C compiler (gcc  ) works
configure:943: gcc -o conftest    conftest.c  1>&5
configure:940:1: warning: return type defaults to 'int' [-Wimplicit-int]
  940 | main(){return(0);}
      | ^~~~
configure:969: checking whether the C compiler (gcc  ) is a cross-compiler
configure:974: checking whether we are using GNU C
configure:983: gcc -E conftest.c
configure:1002: checking whether gcc accepts -g
configure:1034: checking how to run the C preprocessor
configure:1055: gcc -E  conftest.c >/dev/null 2>conftest.out
configure:1125: checking for a BSD compatible install
configure:1179: checking return type of signal handlers
configure:1201: gcc -c -g -O2  conftest.c 1>&5
configure:1222: checking for gethostbyname
configure:1250: gcc -o conftest -g -O2   conftest.c  1>&5
configure:1319: checking for connect
configure:1347: gcc -o conftest -g -O2   conftest.c  1>&5
configure:1447: checking for socket
configure:1475: gcc -o conftest -g -O2   conftest.c  1>&5
configure:1447: checking for strdup
configure:1475: gcc -o conftest -g -O2   conftest.c  1>&5
configure:1459:6: warning: conflicting types for built-in function 'strdup'; expected 'char *(const char *)' [-Wbuiltin-declaration-mismatch]
 1459 | char $ac_func();
      |      ^~~~~~
configure:1447: checking for getopt_long
configure:1475: gcc -o conftest -g -O2   conftest.c  1>&5
configure:1447: checking for gethostbyaddr
configure:1475: gcc -o conftest -g -O2   conftest.c  1>&5
configure:1447: checking for getservbyname
configure:1475: gcc -o conftest -g -O2   conftest.c  1>&5
configure:1447: checking for inet_addr
configure:1475: gcc -o conftest -g -O2   conftest.c  1>&5
configure:1447: checking for inet_ntoa
configure:1475: gcc -o conftest -g -O2   conftest.c  1>&5
configure:1447: checking for snprintf
configure:1475: gcc -o conftest -g -O2   conftest.c  1>&5
configure:1459:6: warning: conflicting types for built-in function 'snprintf'; expected 'int(char *, long unsigned int,  const char *, ...)' [-Wbuiltin-declaration-mismatch]
 1459 | char $ac_func();
      |      ^~~~~~~~
configure:1456:1: note: 'snprintf' is declared in header '<stdio.h>'
 1455 | #include <assert.h>
  +++ |+#include <stdio.h>
 1456 | /* Override any gcc2 internal prototype to avoid an error.  */
configure:1447: checking for vfprintf
configure:1475: gcc -o conftest -g -O2   conftest.c  1>&5
configure:1459:6: warning: conflicting types for built-in function 'vfprintf'; expected 'int(void *, const char *, __va_list_tag *)' [-Wbuiltin-declaration-mismatch]
 1459 | char $ac_func();
      |      ^~~~~~~~
configure:1456:1: note: 'vfprintf' is declared in header '<stdio.h>'
 1455 | #include <assert.h>
  +++ |+#include <stdio.h>
 1456 | /* Override any gcc2 internal prototype to avoid an error.  */
configure:1447: checking for stat
configure:1475: gcc -o conftest -g -O2   conftest.c  1>&5
configure:1447: checking for vsprintf
configure:1475: gcc -o conftest -g -O2   conftest.c  1>&5
configure:1459:6: warning: conflicting types for built-in function 'vsprintf'; expected 'int(char *, const char *, __va_list_tag *)' [-Wbuiltin-declaration-mismatch]
 1459 | char $ac_func();
      |      ^~~~~~~~
configure:1456:1: note: 'vsprintf' is declared in header '<stdio.h>'
 1455 | #include <assert.h>
  +++ |+#include <stdio.h>
 1456 | /* Override any gcc2 internal prototype to avoid an error.  */
configure:1447: checking for vsnprintf
configure:1475: gcc -o conftest -g -O2   conftest.c  1>&5
configure:1459:6: warning: conflicting types for built-in function 'vsnprintf'; expected 'int(char *, long unsigned int,  const char *, __va_list_tag *)' [-Wbuiltin-declaration-mismatch]
 1459 | char $ac_func();
      |      ^~~~~~~~~
configure:1456:1: note: 'vsnprintf' is declared in header '<stdio.h>'
 1455 | #include <assert.h>
  +++ |+#include <stdio.h>
 1456 | /* Override any gcc2 internal prototype to avoid an error.  */
configure:1447: checking for strerror
configure:1475: gcc -o conftest -g -O2   conftest.c  1>&5
configure:1447: checking for strftime
configure:1475: gcc -o conftest -g -O2   conftest.c  1>&5
configure:1459:6: warning: conflicting types for built-in function 'strftime'; expected 'long unsigned int(char *, long unsigned int,  const char *, const void *)' [-Wbuiltin-declaration-mismatch]
 1459 | char $ac_func();
      |      ^~~~~~~~
configure:1456:1: note: 'strftime' is declared in header '<time.h>'
 1455 | #include <assert.h>
  +++ |+#include <time.h>
 1456 | /* Override any gcc2 internal prototype to avoid an error.  */
configure:1447: checking for wait
configure:1475: gcc -o conftest -g -O2   conftest.c  1>&5
configure:1447: checking for waitpid
configure:1475: gcc -o conftest -g -O2   conftest.c  1>&5
configure:1447: checking for getpid
configure:1475: gcc -o conftest -g -O2   conftest.c  1>&5
configure:1447: checking for fork
configure:1475: gcc -o conftest -g -O2   conftest.c  1>&5
configure:1459:6: warning: conflicting types for built-in function 'fork'; expected 'int(void)' [-Wbuiltin-declaration-mismatch]
 1459 | char $ac_func();
      |      ^~~~
configure:1447: checking for vfork
configure:1475: gcc -o conftest -g -O2   conftest.c  1>&5
configure:1447: checking for getuid
configure:1475: gcc -o conftest -g -O2   conftest.c  1>&5
configure:1447: checking for geteuid
configure:1475: gcc -o conftest -g -O2   conftest.c  1>&5
configure:1447: checking for setuid
configure:1475: gcc -o conftest -g -O2   conftest.c  1>&5
configure:1447: checking for seteuid
configure:1475: gcc -o conftest -g -O2   conftest.c  1>&5
configure:1447: checking for getgid
configure:1475: gcc -o conftest -g -O2   conftest.c  1>&5
configure:1447: checking for getegid
configure:1475: gcc -o conftest -g -O2   conftest.c  1>&5
configure:1447: checking for setgid
configure:1475: gcc -o conftest -g -O2   conftest.c  1>&5
configure:1447: checking for setegid
configure:1475: gcc -o conftest -g -O2   conftest.c  1>&5
configure:1447: checking for inet_aton
configure:1475: gcc -o conftest -g -O2   conftest.c  1>&5
configure:1447: checking for herror
configure:1475: gcc -o conftest -g -O2   conftest.c  1>&5
configure:1517: checking for arpa/inet.h
configure:1527: gcc -E  conftest.c >/dev/null 2>conftest.out
configure:1517: checking for sys/types.h
configure:1527: gcc -E  conftest.c >/dev/null 2>conftest.out
configure:1517: checking for sys/time.h
configure:1527: gcc -E  conftest.c >/dev/null 2>conftest.out
configure:1517: checking for sys/stat.h
configure:1527: gcc -E  conftest.c >/dev/null 2>conftest.out
configure:1517: checking for fcntl.h
configure:1527: gcc -E  conftest.c >/dev/null 2>conftest.out
configure:1517: checking for signal.h
configure:1527: gcc -E  conftest.c >/dev/null 2>conftest.out
configure:1517: checking for syslog.h
configure:1527: gcc -E  conftest.c >/dev/null 2>conftest.out
configure:1517: checking for pwd.h
configure:1527: gcc -E  conftest.c >/dev/null 2>conftest.out
configure:1517: checking for stdarg.h
configure:1527: gcc -E  conftest.c >/dev/null 2>conftest.out
configure:1517: checking for grp.h
configure:1527: gcc -E  conftest.c >/dev/null 2>conftest.out
configure:1517: checking for errno.h
configure:1527: gcc -E  conftest.c >/dev/null 2>conftest.out
configure:1517: checking for sys/sockio.h
configure:1527: gcc -E  conftest.c >/dev/null 2>conftest.out
configure:1523:10: fatal error: sys/sockio.h: No such file or directory
 1523 | #include <$ac_hdr>
      |          ^~~~~~~~~     
compilation terminated.
configure: failed program was:
#line 1522 "configure"
#include "confdefs.h"
#include <sys/sockio.h>
configure:1517: checking for sys/wait.h
configure:1527: gcc -E  conftest.c >/dev/null 2>conftest.out
configure:1517: checking for getopt.h
configure:1527: gcc -E  conftest.c >/dev/null 2>conftest.out
configure:1561: checking for unistd.h
configure:1571: gcc -E  conftest.c >/dev/null 2>conftest.out
configure:1561: checking for netinet/in.h
configure:1571: gcc -E  conftest.c >/dev/null 2>conftest.out
configure:1561: checking for netdb.h
configure:1571: gcc -E  conftest.c >/dev/null 2>conftest.out
configure:1561: checking for sys/socket.h
configure:1571: gcc -E  conftest.c >/dev/null 2>conftest.out
configure:1600: checking for sys_errlist in -lc
configure:1619: gcc -o conftest -g -O2   conftest.c -lc   1>&5
/usr/bin/ld: /tmp/ccD6mBgJ.o: in function `main':
/tmp/ez-ipupdate-3.0.11b7/configure:1615: warning: `sys_errlist' is deprecated; use `strerror' or `strerror_r' instead
configure:1646: checking for getopt
configure:1674: gcc -o conftest -g -O2   conftest.c  1>&5
configure:1703: checking for getpass
configure:1731: gcc -o conftest -g -O2   conftest.c  1>&5
configure:1763: checking host system type
configure:1789: checking for user supplied default service
configure:1883: checking whether user wants debugging support
configure:1898: checking whether user wants to dissable MD5 support
